<?xml version="1.0" encoding="UTF-8"?>
<Site BuildName="Darwin-c++"
	BuildStamp="20250926-0345-Experimental"
	Name="Masihs-MacBook-Air.local"
	Generator="ctest-3.30.4"
	CompilerName="/Library/Developer/CommandLineTools/usr/bin/c++"
	CompilerVersion="15.0.0.15000309"
	OSName="macOS"
	Hostname="Masihs-MacBook-Air.local"
	OSRelease="15.0"
	OSVersion="24A335"
	OSPlatform="arm64"
	Is64Bits="1"
	VendorString="Apple"
	VendorID="Apple"
	FamilyID="0"
	ModelID="0"
	ProcessorCacheSize="131072"
	NumberOfLogicalCPU="8"
	NumberOfPhysicalCPU="8"
	TotalVirtualMemory="4096"
	TotalPhysicalMemory="8192"
	LogicalProcessorsPerPhysical="8"
	ProcessorClockFrequency="0"
	>
	<Testing>
		<StartDateTime>Sep 26 13:02 IST</StartDateTime>
		<StartTestTime>1758871934</StartTestTime>
		<TestList/>
		<EndDateTime>Sep 26 13:02 IST</EndDateTime>
		<EndTestTime>1758871934</EndTestTime>
		<ElapsedMinutes>0</ElapsedMinutes>
	</Testing>
</Site>
